<?xml version="1.0" encoding="utf-8"?><testsuites name="pytest tests"><testsuite name="pytest" errors="0" failures="0" skipped="0" tests="158" time="1.311" timestamp="2026-05-07T21:02:14.542694+02:00" hostname="MYDDE-PC"><testcase classname="tests.test_auth.TestProtonAuth" name="test_init_missing_credentials" time="0.079" /><testcase classname="tests.test_auth.TestProtonAuth" name="test_init_with_credentials" time="0.000" /><testcase classname="tests.test_auth.TestProtonAuth" name="test_init_with_totp" time="0.000" /><testcase classname="tests.test_auth.TestProtonAuth" name="test_authenticate_success" time="0.001" /><testcase classname="tests.test_auth.TestProtonAuth" name="test_authenticate_failure" time="0.001" /><testcase classname="tests.test_auth.TestProtonAuth" name="test_logout" time="0.001" /><testcase classname="tests.test_config.TestLoadConfig" name="test_defaults_when_no_file_no_args" time="0.032" /><testcase classname="tests.test_config.TestLoadConfig" name="test_yaml_overrides_defaults" time="0.008" /><testcase classname="tests.test_config.TestLoadConfig" name="test_cli_args_override_yaml" time="0.014" /><testcase classname="tests.test_config.TestLoadConfig" name="test_missing_config_file_uses_defaults" time="0.004" /><testcase classname="tests.test_config.TestLoadConfig" name="test_tls_flag_from_args" time="0.001" /><testcase classname="tests.test_config.TestLoadConfig" name="test_tls_from_yaml" time="0.008" /><testcase classname="tests.test_config.TestLoadConfig" name="test_invalid_yaml_falls_back_to_defaults" time="0.005" /><testcase classname="tests.test_config.TestLoadConfig" name="test_log_level_from_yaml" time="0.009" /><testcase classname="tests.test_config.TestLoadConfig" name="test_local_password_from_yaml" time="0.015" /><testcase classname="tests.test_config.TestMultiAccountConfig" name="test_accounts_loaded_from_yaml" time="0.009" /><testcase classname="tests.test_config.TestMultiAccountConfig" name="test_label_defaults_to_username" time="0.010" /><testcase classname="tests.test_config.TestMultiAccountConfig" name="test_backward_compat_no_accounts_key" time="0.010" /><testcase classname="tests.test_config.TestMultiAccountConfig" name="test_empty_accounts_raises_error" time="0.015" /><testcase classname="tests.test_config.TestMultiAccountConfig" name="test_accounts_not_list_raises_error" time="0.009" /><testcase classname="tests.test_config.TestMultiAccountConfig" name="test_account_missing_username_raises_error" time="0.010" /><testcase classname="tests.test_config.TestMultiAccountConfig" name="test_account_not_dict_raises_error" time="0.010" /><testcase classname="tests.test_formatter.TestContextFormatter" name="test_html_to_markdown_empty" time="0.000" /><testcase classname="tests.test_formatter.TestContextFormatter" name="test_html_to_markdown_paragraphs" time="0.001" /><testcase classname="tests.test_formatter.TestContextFormatter" name="test_html_to_markdown_bold" time="0.000" /><testcase classname="tests.test_formatter.TestContextFormatter" name="test_html_to_markdown_italic" time="0.000" /><testcase classname="tests.test_formatter.TestContextFormatter" name="test_html_to_markdown_links" time="0.000" /><testcase classname="tests.test_formatter.TestContextFormatter" name="test_html_to_markdown_line_breaks" time="0.000" /><testcase classname="tests.test_formatter.TestContextFormatter" name="test_html_to_markdown_headings" time="0.000" /><testcase classname="tests.test_formatter.TestContextFormatter" name="test_html_to_markdown_stripped_tags" time="0.000" /><testcase classname="tests.test_formatter.TestContextFormatter" name="test_format_message_basic" time="0.000" /><testcase classname="tests.test_formatter.TestContextFormatter" name="test_format_message_empty_lists" time="0.000" /><testcase classname="tests.test_formatter.TestContextFormatter" name="test_format_for_prompt" time="0.000" /><testcase classname="tests.test_formatter.TestContextFormatter" name="test_format_batch_empty" time="0.000" /><testcase classname="tests.test_formatter.TestContextFormatter" name="test_format_batch_multiple" time="0.000" /><testcase classname="tests.test_imap_bridge.TestAuth" name="test_correct_password" time="0.001" /><testcase classname="tests.test_imap_bridge.TestAuth" name="test_wrong_password" time="0.001" /><testcase classname="tests.test_imap_bridge.TestMailboxes" name="test_get_mailboxes_from_labels" time="0.004" /><testcase classname="tests.test_imap_bridge.TestMailboxes" name="test_get_mailboxes_cached" time="0.002" /><testcase classname="tests.test_imap_bridge.TestMailboxes" name="test_get_mailboxes_fallback_on_error" time="0.002" /><testcase classname="tests.test_imap_bridge.TestMailboxes" name="test_get_mailbox_status_inbox" time="0.002" /><testcase classname="tests.test_imap_bridge.TestMailboxes" name="test_get_mailbox_status_unknown" time="0.002" /><testcase classname="tests.test_imap_bridge.TestMailboxes" name="test_get_mailbox_status_cached" time="0.002" /><testcase classname="tests.test_imap_bridge.TestSeqMapping" name="test_seq_to_proton_id" time="0.002" /><testcase classname="tests.test_imap_bridge.TestSeqMapping" name="test_seq_out_of_range" time="0.002" /><testcase classname="tests.test_imap_bridge.TestSeqMapping" name="test_proton_flags_unread" time="0.001" /><testcase classname="tests.test_imap_bridge.TestSeqMapping" name="test_proton_flags_read" time="0.001" /><testcase classname="tests.test_imap_bridge.TestFetch" name="test_fetch_rfc822_format" time="0.002" /><testcase classname="tests.test_imap_bridge.TestFetch" name="test_fetch_decrypt_failure_placeholder" time="0.002" /><testcase classname="tests.test_imap_bridge.TestFetch" name="test_fetch_cached" time="0.002" /><testcase classname="tests.test_imap_bridge.TestFetch" name="test_handle_fetch_message_not_found" time="0.003" /><testcase classname="tests.test_imap_bridge.TestFetch" name="test_handle_fetch_bad_seq" time="0.002" /><testcase classname="tests.test_imap_bridge.TestStore" name="test_handle_store_ok" time="0.003" /><testcase classname="tests.test_imap_bridge.TestStore" name="test_handle_store_invalidates_cache" time="0.003" /><testcase classname="tests.test_imap_idle.TestIMAPIdle" name="test_idle_requires_selected_state" time="0.004" /><testcase classname="tests.test_imap_idle.TestIMAPIdle" name="test_idle_sends_idling_continuation" time="0.003" /><testcase classname="tests.test_imap_idle.TestIMAPIdle" name="test_idle_terminates_on_done" time="0.004" /><testcase classname="tests.test_imap_idle.TestIMAPIdle" name="test_idle_pushes_exists_on_new_message" time="0.184" /><testcase classname="tests.test_imap_idle.TestIMAPIdle" name="test_idle_capability_advertised" time="0.003" /><testcase classname="tests.test_imap_server" name="test_greeting_on_connect" time="0.003" /><testcase classname="tests.test_imap_server" name="test_capability_command" time="0.003" /><testcase classname="tests.test_imap_server" name="test_noop_command" time="0.003" /><testcase classname="tests.test_imap_server" name="test_logout_command" time="0.003" /><testcase classname="tests.test_imap_server" name="test_login_success" time="0.003" /><testcase classname="tests.test_imap_server" name="test_login_failure" time="0.003" /><testcase classname="tests.test_imap_server" name="test_list_requires_auth" time="0.003" /><testcase classname="tests.test_imap_server" name="test_list_after_login" time="0.003" /><testcase classname="tests.test_imap_server" name="test_select_inbox" time="0.003" /><testcase classname="tests.test_imap_server" name="test_select_nonexistent_mailbox" time="0.003" /><testcase classname="tests.test_imap_server" name="test_fetch_requires_select" time="0.003" /><testcase classname="tests.test_imap_server" name="test_unknown_command_returns_bad" time="0.003" /><testcase classname="tests.test_imap_server.TestProtonIMAPServer" name="test_server_init" time="0.001" /><testcase classname="tests.test_imap_server.TestProtonIMAPServer" name="test_server_start_stop" time="0.003" /><testcase classname="tests.test_lifecycle.TestMessageLifecycle" name="test_mark_as_read_success" time="0.001" /><testcase classname="tests.test_lifecycle.TestMessageLifecycle" name="test_mark_as_read_failure" time="0.001" /><testcase classname="tests.test_lifecycle.TestMessageLifecycle" name="test_mark_batch_as_read" time="0.001" /><testcase classname="tests.test_lifecycle.TestMessageLifecycle" name="test_get_trash_label_id_found" time="0.001" /><testcase classname="tests.test_lifecycle.TestMessageLifecycle" name="test_get_trash_label_id_not_found" time="0.001" /><testcase classname="tests.test_lifecycle.TestMessageLifecycle" name="test_move_to_trash_success" time="0.001" /><testcase classname="tests.test_lifecycle.TestMessageLifecycle" name="test_move_to_trash_no_trash_folder" time="0.001" /><testcase classname="tests.test_lifecycle.TestMessageLifecycle" name="test_delete_permanently_success" time="0.001" /><testcase classname="tests.test_lifecycle.TestMessageLifecycle" name="test_batch_delete" time="0.001" /><testcase classname="tests.test_lifecycle.TestMessageLifecycle" name="test_archive_success" time="0.001" /><testcase classname="tests.test_lifecycle.TestMessageLifecycle" name="test_cooldown_enforced" time="0.102" /><testcase classname="tests.test_main.TestParseArgs" name="test_defaults" time="0.005" /><testcase classname="tests.test_main.TestParseArgs" name="test_custom_ports" time="0.001" /><testcase classname="tests.test_main.TestParseArgs" name="test_imap_only_flag" time="0.001" /><testcase classname="tests.test_main.TestParseArgs" name="test_smtp_only_flag" time="0.001" /><testcase classname="tests.test_main.TestConnectProton" name="test_success_on_first_attempt" time="0.001" /><testcase classname="tests.test_main.TestConnectProton" name="test_retry_on_failure_then_success" time="0.001" /><testcase classname="tests.test_main.TestConnectProton" name="test_exits_after_max_retries" time="0.001" /><testcase classname="tests.test_main.TestRunImap" name="test_imap_only_skips_smtp" time="0.004" /><testcase classname="tests.test_multi_account_bridge.TestMailboxParser" name="test_parse_prefixed" time="0.001" /><testcase classname="tests.test_multi_account_bridge.TestMailboxParser" name="test_parse_nested" time="0.000" /><testcase classname="tests.test_multi_account_bridge.TestMailboxParser" name="test_parse_no_prefix" time="0.000" /><testcase classname="tests.test_multi_account_bridge.TestMailboxParser" name="test_build_with_label" time="0.000" /><testcase classname="tests.test_multi_account_bridge.TestMailboxParser" name="test_build_without_label" time="0.000" /><testcase classname="tests.test_multi_account_bridge.TestMultiAccountBridge" name="test_get_mailboxes_returns_prefixed" time="0.001" /><testcase classname="tests.test_multi_account_bridge.TestMultiAccountBridge" name="test_get_mailbox_status_resolves_label" time="0.001" /><testcase classname="tests.test_multi_account_bridge.TestMultiAccountBridge" name="test_backward_compat_single_account_no_prefix" time="0.001" /><testcase classname="tests.test_multi_account_bridge.TestMultiAccountBridge" name="test_resolve_bridge_raises_for_unknown_label" time="0.001" /><testcase classname="tests.test_multi_account_bridge.TestMultiAccountBridge" name="test_resolve_bridge_raises_for_no_prefix_multi_account" time="0.001" /><testcase classname="tests.test_multi_account_bridge.TestMultiAccountBridge" name="test_authenticate" time="0.001" /><testcase classname="tests.test_multi_account_bridge.TestMultiAccountBridge" name="test_handle_fetch_routes_to_correct_bridge" time="0.003" /><testcase classname="tests.test_multi_account_bridge.TestMultiAccountBridge" name="test_handle_fetch_fails_for_unknown_label" time="0.002" /><testcase classname="tests.test_multi_account_smtp.TestMultiAccountSMTPHandler" name="test_resolve_label_from_address" time="0.002" /><testcase classname="tests.test_multi_account_smtp.TestMultiAccountSMTPHandler" name="test_resolve_label_unknown_returns_none" time="0.001" /><testcase classname="tests.test_multi_account_smtp.TestMultiAccountSMTPHandler" name="test_resolve_label_strips_angle_brackets" time="0.001" /><testcase classname="tests.test_multi_account_smtp.TestMultiAccountSMTPHandler" name="test_routes_to_correct_account" time="0.005" /><testcase classname="tests.test_multi_account_smtp.TestMultiAccountSMTPHandler" name="test_uses_default_when_from_unknown" time="0.004" /><testcase classname="tests.test_multi_account_smtp.TestMultiAccountSMTPHandler" name="test_550_when_session_invalid" time="0.003" /><testcase classname="tests.test_multi_account_smtp.TestMultiAccountSMTPHandler" name="test_550_when_no_accounts" time="0.003" /><testcase classname="tests.test_s4_05_reconnect.TestSessionExpiredDetection" name="test_is_session_expired_401" time="0.000" /><testcase classname="tests.test_s4_05_reconnect.TestSessionExpiredDetection" name="test_is_session_expired_unauthorized" time="0.000" /><testcase classname="tests.test_s4_05_reconnect.TestSessionExpiredDetection" name="test_is_session_expired_expired" time="0.000" /><testcase classname="tests.test_s4_05_reconnect.TestSessionExpiredDetection" name="test_is_session_expired_other" time="0.000" /><testcase classname="tests.test_s4_05_reconnect.TestReconnectMonitor" name="test_reconnect_called_when_session_expired" time="0.003" /><testcase classname="tests.test_s4_05_reconnect.TestReconnectMonitor" name="test_reconnect_failure_does_not_affect_other_accounts" time="0.002" /><testcase classname="tests.test_send.TestProtonSend" name="test_get_recipient_keys_found" time="0.005" /><testcase classname="tests.test_send.TestProtonSend" name="test_get_recipient_keys_not_found" time="0.001" /><testcase classname="tests.test_send.TestProtonSend" name="test_create_draft_success" time="0.001" /><testcase classname="tests.test_send.TestProtonSend" name="test_create_draft_with_thread_id" time="0.002" /><testcase classname="tests.test_send.TestProtonSend" name="test_create_draft_failure" time="0.001" /><testcase classname="tests.test_send.TestProtonSend" name="test_encrypt_body" time="0.002" /><testcase classname="tests.test_send.TestProtonSend" name="test_update_draft_success" time="0.001" /><testcase classname="tests.test_send.TestProtonSend" name="test_update_draft_failure" time="0.001" /><testcase classname="tests.test_send.TestProtonSend" name="test_send_draft_success" time="0.001" /><testcase classname="tests.test_send.TestProtonSend" name="test_send_draft_failure" time="0.001" /><testcase classname="tests.test_send.TestProtonSend" name="test_send_email_full_flow_success" time="0.002" /><testcase classname="tests.test_send.TestProtonSend" name="test_send_email_cleanup_on_failure" time="0.002" /><testcase classname="tests.test_session_manager.TestSessionManager" name="test_connect_all_returns_dict_of_sessions" time="0.001" /><testcase classname="tests.test_session_manager.TestSessionManager" name="test_get_returns_session_for_label" time="0.001" /><testcase classname="tests.test_session_manager.TestSessionManager" name="test_get_raises_error_for_unknown_label" time="0.000" /><testcase classname="tests.test_session_manager.TestSessionManager" name="test_reconnect_replaces_session" time="0.001" /><testcase classname="tests.test_session_manager.TestSessionManager" name="test_reconnect_raises_error_for_unknown_label" time="0.000" /><testcase classname="tests.test_session_manager.TestSessionManager" name="test_logout_all_clears_sessions" time="0.001" /><testcase classname="tests.test_session_manager.TestSessionManager" name="test_labels_property" time="0.001" /><testcase classname="tests.test_session_manager.TestSessionManager" name="test_is_multi_account" time="0.001" /><testcase classname="tests.test_session_manager.TestSessionManager" name="test_connect_all_fails_raises_session_error" time="0.001" /><testcase classname="tests.test_session_manager.TestSessionManager" name="test_reconnect_uses_label_specific_credentials" time="0.001" /><testcase classname="tests.test_smtp_server.TestProtonSMTPHandler" name="test_handle_rcpt_accepts_address" time="0.003" /><testcase classname="tests.test_smtp_server.TestProtonSMTPHandler" name="test_handle_data_plain_text_success" time="0.003" /><testcase classname="tests.test_smtp_server.TestProtonSMTPHandler" name="test_handle_data_send_failure_returns_550" time="0.003" /><testcase classname="tests.test_smtp_server.TestProtonSMTPHandler" name="test_handle_data_exception_returns_550" time="0.003" /><testcase classname="tests.test_smtp_server.TestProtonSMTPHandler" name="test_handle_data_no_subject_uses_default" time="0.002" /><testcase classname="tests.test_smtp_server.TestProtonSMTPServer" name="test_server_init" time="0.000" /><testcase classname="tests.test_smtp_server.TestProtonSMTPServer" name="test_server_start_stop" time="0.001" /><testcase classname="tests.test_tls.TestCertGeneration" name="test_is_cert_expired_no_file" time="0.007" /><testcase classname="tests.test_tls.TestCertGeneration" name="test_generate_cert_creates_files" time="0.112" /><testcase classname="tests.test_tls.TestCertGeneration" name="test_generated_cert_not_expired" time="0.066" /><testcase classname="tests.test_tls.TestCertGeneration" name="test_get_ssl_context_returns_ssl_context" time="0.095" /><testcase classname="tests.test_tls.TestCertGeneration" name="test_cert_info_no_cert" time="0.009" /><testcase classname="tests.test_tls.TestCertGeneration" name="test_cert_info_with_cert" time="0.042" /><testcase classname="tests.test_tls.TestIMAPServerTLS" name="test_imap_server_accepts_ssl_context" time="0.003" /><testcase classname="tests.test_tls.TestIMAPServerTLS" name="test_imap_server_no_ssl_by_default" time="0.002" /><testcase classname="tests.test_tls.TestSMTPServerTLS" name="test_smtp_server_accepts_ssl_context" time="0.001" /><testcase classname="tests.test_tls.TestSMTPServerTLS" name="test_smtp_server_no_ssl_by_default" time="0.000" /><testcase classname="tests.test_tls.TestSMTPServerTLS" name="test_smtp_server_passes_ssl_to_controller" time="0.001" /></testsuite></testsuites>